<?xml version="1.0" encoding="UTF-8"?>
<!-- Generated by org.testng.reporters.JUnitReportReporter -->
<testsuite hostname="Lenovo-PC" name="testCase.LoginTestCase" tests="1" failures="0" timestamp="10 May 2018 11:24:04 GMT" time="3.072" errors="0">
  <testcase name="login" time="3.072" classname="testCase.LoginTestCase"/>
</testsuite> <!-- testCase.LoginTestCase -->
