<?xml version="1.0" encoding="UTF-8"?>
<!-- Generated by org.testng.reporters.JUnitReportReporter -->
<testsuite hostname="Lenovo-PC" name="testCase.AdminLoginTestCase" tests="1" failures="0" timestamp="9 May 2018 06:03:20 GMT" time="2.209" errors="0">
  <testcase name="adminLogin" time="2.209" classname="testCase.AdminLoginTestCase"/>
</testsuite> <!-- testCase.AdminLoginTestCase -->
