<?xml version="1.0" encoding="UTF-8"?>
<!-- Generated by org.testng.reporters.JUnitReportReporter -->
<testsuite hostname="Lenovo-PC" name="testCase.HuifuTie" tests="1" failures="0" timestamp="10 May 2018 11:24:04 GMT" time="18.892" errors="0">
  <testcase name="huifuTie" time="18.892" classname="testCase.HuifuTie"/>
</testsuite> <!-- testCase.HuifuTie -->
