<?xml version="1.0" encoding="UTF-8"?>
<!-- Generated by org.testng.reporters.JUnitReportReporter -->
<testsuite hostname="Lenovo-PC" name="test_pack.testDemo" tests="1" failures="0" timestamp="31 May 2018 06:12:33 GMT" time="0.080" errors="0">
  <testcase name="test" time="0.080" classname="test_pack.testDemo"/>
</testsuite> <!-- test_pack.testDemo -->
